This file contains any messages produced by compilers while
running configure, to aid debugging if configure makes a mistake.

It was created by PCRE configure 8.40, which was
generated by GNU Autoconf 2.69.  Invocation command line was

  $ /Users/fabianhielscher/Dev/Masterarbeit/code/build/PCRE-prefix/src/PCRE/configure --prefix=/Users/fabianhielscher/Dev/Masterarbeit/code/build/PCRE --disable-shared

## --------- ##
## Platform. ##
## --------- ##

hostname = Fabians-MBP-27.uke.de
uname -m = x86_64
uname -r = 18.2.0
uname -s = Darwin
uname -v = Darwin Kernel Version 18.2.0: Mon Nov 12 20:24:46 PST 2018; root:xnu-4903.231.4~2/RELEASE_X86_64

/usr/bin/uname -p = i386
/bin/uname -X     = unknown

/bin/arch              = unknown
/usr/bin/arch -k       = unknown
/usr/convex/getsysinfo = unknown
/usr/bin/hostinfo      = Mach kernel version:
	 Darwin Kernel Version 18.2.0: Mon Nov 12 20:24:46 PST 2018; root:xnu-4903.231.4~2/RELEASE_X86_64
Kernel configured for up to 4 processors.
2 processors are physically available.
4 processors are logically available.
Processor type: x86_64h (Intel x86-64h Haswell)
Processors active: 0 1 2 3
Primary memory available: 16.00 gigabytes
Default processor set: 462 tasks, 2505 threads, 4 processors
Load average: 20.25, Mach factor: 0.18
/bin/machine           = unknown
/usr/bin/oslevel       = unknown
/bin/universe          = unknown

PATH: /Library/Frameworks/Python.framework/Versions/3.7/bin
PATH: /Users/fabianhielscher/bin
PATH: /anaconda/bin
PATH: /usr/local/bin
PATH: /usr/bin
PATH: /bin
PATH: /usr/sbin
PATH: /sbin
PATH: /Library/TeX/texbin
PATH: /usr/local/share/dotnet
PATH: /opt/X11/bin
PATH: /Library/Frameworks/Mono.framework/Versions/Current/Commands
PATH: /Applications/Xamarin Workbooks.app/Contents/SharedSupport/path-bin
PATH: /Users//Library/Android/sdk/platform-tools/


## ----------- ##
## Core tests. ##
## ----------- ##

configure:2816: checking for a BSD-compatible install
configure:2884: result: /usr/local/bin/ginstall -c
configure:2895: checking whether build environment is sane
configure:2950: result: yes
configure:3101: checking for a thread-safe mkdir -p
configure:3140: result: /usr/local/bin/gmkdir -p
configure:3147: checking for gawk
configure:3177: result: no
configure:3147: checking for mawk
configure:3177: result: no
configure:3147: checking for nawk
configure:3177: result: no
configure:3147: checking for awk
configure:3163: found /usr/bin/awk
configure:3174: result: awk
configure:3185: checking whether make sets $(MAKE)
configure:3207: result: yes
configure:3236: checking whether make supports nested variables
configure:3253: result: yes
configure:3390: checking whether make supports nested variables
configure:3407: result: yes
configure:3434: checking for style of include used by make
configure:3462: result: GNU
configure:3533: checking for gcc
configure:3560: result:  /Library/Developer/CommandLineTools/usr/bin/cc
configure:3789: checking for C compiler version
configure:3798:  /Library/Developer/CommandLineTools/usr/bin/cc --version >&5
Apple LLVM version 10.0.1 (clang-1001.0.46.3)
Target: x86_64-apple-darwin18.2.0
Thread model: posix
InstalledDir: /Library/Developer/CommandLineTools/usr/bin
configure:3809: $? = 0
configure:3798:  /Library/Developer/CommandLineTools/usr/bin/cc -v >&5
Apple LLVM version 10.0.1 (clang-1001.0.46.3)
Target: x86_64-apple-darwin18.2.0
Thread model: posix
InstalledDir: /Library/Developer/CommandLineTools/usr/bin
Found CUDA installation: /usr/local/cuda, version 9.0
configure:3809: $? = 0
configure:3798:  /Library/Developer/CommandLineTools/usr/bin/cc -V >&5
clang: error: unsupported option '-V -Wno-atomic-implicit-seq-cst'
clang: error: no input files
configure:3809: $? = 1
configure:3798:  /Library/Developer/CommandLineTools/usr/bin/cc -qversion >&5
clang: error: unknown argument '-qversion', did you mean '--version'?
clang: error: no input files
configure:3809: $? = 1
configure:3829: checking whether the C compiler works
configure:3851:  /Library/Developer/CommandLineTools/usr/bin/cc  -O3 -DNDEBUG    conftest.c  >&5
configure:3855: $? = 0
configure:3903: result: yes
configure:3906: checking for C compiler default output file name
configure:3908: result: a.out
configure:3914: checking for suffix of executables
configure:3921:  /Library/Developer/CommandLineTools/usr/bin/cc -o conftest  -O3 -DNDEBUG    conftest.c  >&5
configure:3925: $? = 0
configure:3947: result: 
configure:3969: checking whether we are cross compiling
configure:3977:  /Library/Developer/CommandLineTools/usr/bin/cc -o conftest  -O3 -DNDEBUG    conftest.c  >&5
conftest.c:11:10: fatal error: 'stdio.h' file not found
#include <stdio.h>
         ^~~~~~~~~
1 error generated.
configure:3981: $? = 1
configure:3988: ./conftest
/Users/fabianhielscher/Dev/Masterarbeit/code/build/PCRE-prefix/src/PCRE/configure: line 3990: ./conftest: No such file or directory
configure:3992: $? = 127
configure:3999: error: in `/Users/fabianhielscher/Dev/Masterarbeit/code/build/PCRE-prefix/src/PCRE-build':
configure:4001: error: cannot run C compiled programs.
If you meant to cross compile, use `--host'.
See `config.log' for more details

## ---------------- ##
## Cache variables. ##
## ---------------- ##

ac_cv_env_CCC_set=
ac_cv_env_CCC_value=
ac_cv_env_CC_set=set
ac_cv_env_CC_value=' /Library/Developer/CommandLineTools/usr/bin/cc'
ac_cv_env_CFLAGS_set=set
ac_cv_env_CFLAGS_value=' -O3 -DNDEBUG'
ac_cv_env_CPPFLAGS_set=
ac_cv_env_CPPFLAGS_value=
ac_cv_env_CPP_set=
ac_cv_env_CPP_value=
ac_cv_env_CXXCPP_set=
ac_cv_env_CXXCPP_value=
ac_cv_env_CXXFLAGS_set=set
ac_cv_env_CXXFLAGS_value=' -std=c++11 -O3 -DNDEBUG'
ac_cv_env_CXX_set=set
ac_cv_env_CXX_value=' /Library/Developer/CommandLineTools/usr/bin/c++'
ac_cv_env_GENHTML_set=
ac_cv_env_GENHTML_value=
ac_cv_env_LCOV_set=
ac_cv_env_LCOV_value=
ac_cv_env_LDFLAGS_set=set
ac_cv_env_LDFLAGS_value=' '
ac_cv_env_LIBS_set=
ac_cv_env_LIBS_value=
ac_cv_env_LT_SYS_LIBRARY_PATH_set=
ac_cv_env_LT_SYS_LIBRARY_PATH_value=
ac_cv_env_PKG_CONFIG_LIBDIR_set=
ac_cv_env_PKG_CONFIG_LIBDIR_value=
ac_cv_env_PKG_CONFIG_PATH_set=
ac_cv_env_PKG_CONFIG_PATH_value=
ac_cv_env_PKG_CONFIG_set=
ac_cv_env_PKG_CONFIG_value=
ac_cv_env_VALGRIND_CFLAGS_set=
ac_cv_env_VALGRIND_CFLAGS_value=
ac_cv_env_VALGRIND_LIBS_set=
ac_cv_env_VALGRIND_LIBS_value=
ac_cv_env_build_alias_set=
ac_cv_env_build_alias_value=
ac_cv_env_host_alias_set=
ac_cv_env_host_alias_value=
ac_cv_env_target_alias_set=
ac_cv_env_target_alias_value=
ac_cv_path_install='/usr/local/bin/ginstall -c'
ac_cv_path_mkdir=/usr/local/bin/gmkdir
ac_cv_prog_AWK=awk
ac_cv_prog_ac_ct_CC=' /Library/Developer/CommandLineTools/usr/bin/cc'
ac_cv_prog_make_make_set=yes
am_cv_make_support_nested_variables=yes

## ----------------- ##
## Output variables. ##
## ----------------- ##

ACLOCAL='${SHELL} /Users/fabianhielscher/Dev/Masterarbeit/code/build/PCRE-prefix/src/PCRE/missing aclocal-1.15'
AMDEPBACKSLASH='\'
AMDEP_FALSE='#'
AMDEP_TRUE=''
AMTAR='$${TAR-tar}'
AM_BACKSLASH='\'
AM_DEFAULT_V='$(AM_DEFAULT_VERBOSITY)'
AM_DEFAULT_VERBOSITY='0'
AM_V='$(V)'
AR=''
AS=''
AUTOCONF='${SHELL} /Users/fabianhielscher/Dev/Masterarbeit/code/build/PCRE-prefix/src/PCRE/missing autoconf'
AUTOHEADER='${SHELL} /Users/fabianhielscher/Dev/Masterarbeit/code/build/PCRE-prefix/src/PCRE/missing autoheader'
AUTOMAKE='${SHELL} /Users/fabianhielscher/Dev/Masterarbeit/code/build/PCRE-prefix/src/PCRE/missing automake-1.15'
AWK='awk'
CC=' /Library/Developer/CommandLineTools/usr/bin/cc'
CCDEPMODE=''
CFLAGS=' -O3 -DNDEBUG'
CPP=''
CPPFLAGS=''
CXX=' /Library/Developer/CommandLineTools/usr/bin/c++'
CXXCPP=''
CXXDEPMODE=''
CXXFLAGS=' -std=c++11 -O3 -DNDEBUG'
CYGPATH_W='echo'
DEFS=''
DEPDIR='.deps'
DISTCHECK_CONFIGURE_FLAGS=''
DLLTOOL=''
DSYMUTIL=''
DUMPBIN=''
ECHO_C='\c'
ECHO_N=''
ECHO_T=''
EGREP=''
EXEEXT=''
EXTRA_LIBPCRE16_LDFLAGS=''
EXTRA_LIBPCRE32_LDFLAGS=''
EXTRA_LIBPCRECPP_LDFLAGS=''
EXTRA_LIBPCREPOSIX_LDFLAGS=''
EXTRA_LIBPCRE_LDFLAGS=''
FGREP=''
GCOV_CFLAGS=''
GCOV_CXXFLAGS=''
GCOV_LIBS=''
GENHTML=''
GREP=''
HAVE_VISIBILITY=''
INSTALL_DATA='${INSTALL} -m 644'
INSTALL_PROGRAM='${INSTALL}'
INSTALL_SCRIPT='${INSTALL}'
INSTALL_STRIP_PROGRAM='$(install_sh) -c -s'
LCOV=''
LD=''
LDFLAGS=' '
LIBBZ2=''
LIBOBJS=''
LIBREADLINE=''
LIBS=''
LIBTOOL=''
LIBZ=''
LIPO=''
LN_S=''
LTLIBOBJS=''
LT_SYS_LIBRARY_PATH=''
MAKEINFO='${SHELL} /Users/fabianhielscher/Dev/Masterarbeit/code/build/PCRE-prefix/src/PCRE/missing makeinfo'
MANIFEST_TOOL=''
MKDIR_P='/usr/local/bin/gmkdir -p'
NM=''
NMEDIT=''
OBJDUMP=''
OBJEXT=''
OTOOL64=''
OTOOL=''
PACKAGE='pcre'
PACKAGE_BUGREPORT=''
PACKAGE_NAME='PCRE'
PACKAGE_STRING='PCRE 8.40'
PACKAGE_TARNAME='pcre'
PACKAGE_URL=''
PACKAGE_VERSION='8.40'
PATH_SEPARATOR=':'
PCRE_DATE=''
PCRE_MAJOR=''
PCRE_MINOR=''
PCRE_PRERELEASE=''
PCRE_STATIC_CFLAG=''
PKG_CONFIG=''
PKG_CONFIG_LIBDIR=''
PKG_CONFIG_PATH=''
PTHREAD_CC=''
PTHREAD_CFLAGS=''
PTHREAD_LIBS=''
RANLIB=''
SED=''
SET_MAKE=''
SHELL='/bin/sh'
SHTOOL=''
STRIP=''
VALGRIND_CFLAGS=''
VALGRIND_LIBS=''
VERSION='8.40'
VISIBILITY_CFLAGS=''
VISIBILITY_CXXFLAGS=''
WITH_GCOV_FALSE=''
WITH_GCOV_TRUE=''
WITH_JIT_FALSE=''
WITH_JIT_TRUE=''
WITH_PCRE16_FALSE=''
WITH_PCRE16_TRUE=''
WITH_PCRE32_FALSE=''
WITH_PCRE32_TRUE=''
WITH_PCRE8_FALSE=''
WITH_PCRE8_TRUE=''
WITH_PCRE_CPP_FALSE=''
WITH_PCRE_CPP_TRUE=''
WITH_REBUILD_CHARTABLES_FALSE=''
WITH_REBUILD_CHARTABLES_TRUE=''
WITH_UTF_FALSE=''
WITH_UTF_TRUE=''
WITH_VALGRIND_FALSE=''
WITH_VALGRIND_TRUE=''
ac_ct_AR=''
ac_ct_CC=' /Library/Developer/CommandLineTools/usr/bin/cc'
ac_ct_CXX=''
ac_ct_DUMPBIN=''
am__EXEEXT_FALSE=''
am__EXEEXT_TRUE=''
am__fastdepCC_FALSE=''
am__fastdepCC_TRUE=''
am__fastdepCXX_FALSE=''
am__fastdepCXX_TRUE=''
am__include='include'
am__isrc=' -I$(srcdir)'
am__leading_dot='.'
am__nodep='_no'
am__quote=''
am__tar='$${TAR-tar} chof - "$$tardir"'
am__untar='$${TAR-tar} xf -'
ax_pthread_config=''
bindir='${exec_prefix}/bin'
build=''
build_alias=''
build_cpu=''
build_os=''
build_vendor=''
datadir='${datarootdir}'
datarootdir='${prefix}/share'
docdir='${datarootdir}/doc/${PACKAGE_TARNAME}'
dvidir='${docdir}'
enable_cpp=''
enable_pcre16=''
enable_pcre32=''
enable_pcre8=''
exec_prefix='NONE'
host=''
host_alias=''
host_cpu=''
host_os=''
host_vendor=''
htmldir='${docdir}'
includedir='${prefix}/include'
infodir='${datarootdir}/info'
install_sh='${SHELL} /Users/fabianhielscher/Dev/Masterarbeit/code/build/PCRE-prefix/src/PCRE/install-sh'
libdir='${exec_prefix}/lib'
libexecdir='${exec_prefix}/libexec'
localedir='${datarootdir}/locale'
localstatedir='${prefix}/var'
mandir='${datarootdir}/man'
mkdir_p='$(MKDIR_P)'
oldincludedir='/usr/include'
pcre_have_bits_type_traits=''
pcre_have_long_long=''
pcre_have_type_traits=''
pcre_have_ulong_long=''
pdfdir='${docdir}'
prefix='/Users/fabianhielscher/Dev/Masterarbeit/code/build/PCRE'
program_transform_name='s,x,x,'
psdir='${docdir}'
sbindir='${exec_prefix}/sbin'
sharedstatedir='${prefix}/com'
sysconfdir='${prefix}/etc'
target_alias=''

## ----------- ##
## confdefs.h. ##
## ----------- ##

/* confdefs.h */
#define PACKAGE_NAME "PCRE"
#define PACKAGE_TARNAME "pcre"
#define PACKAGE_VERSION "8.40"
#define PACKAGE_STRING "PCRE 8.40"
#define PACKAGE_BUGREPORT ""
#define PACKAGE_URL ""
#define PACKAGE "pcre"
#define VERSION "8.40"

configure: exit 1
